c:\users\psm53\onedrive\바탕 화면\coding\algorithm001\algorithm001\debug\vc141.pdb
c:\users\psm53\onedrive\바탕 화면\coding\algorithm001\algorithm001\debug\vc141.idb
c:\users\psm53\onedrive\바탕 화면\coding\algorithm001\algorithm001\debug\baekjoon003_3190.obj
c:\users\psm53\onedrive\바탕 화면\coding\algorithm001\algorithm001\debug\baekjoon004_13458.obj
c:\users\psm53\onedrive\바탕 화면\coding\algorithm001\algorithm001\debug\baekjoon005_14499.obj
c:\users\psm53\onedrive\바탕 화면\coding\algorithm001\algorithm001\debug\baejoon006_14500.obj
c:\users\psm53\onedrive\바탕 화면\coding\algorithm001\algorithm001\debug\baekjoon008_14502.obj
c:\users\psm53\onedrive\바탕 화면\coding\algorithm001\algorithm001\debug\baekjoon009_14503.obj
c:\users\psm53\onedrive\바탕 화면\coding\algorithm001\algorithm001\debug\baekjoon010_14888.obj
c:\users\psm53\onedrive\바탕 화면\coding\algorithm001\algorithm001\debug\baekjoon011_14890.obj
c:\users\psm53\onedrive\바탕 화면\coding\algorithm001\algorithm001\debug\baekjoon012_17144.obj
c:\users\psm53\onedrive\바탕 화면\coding\algorithm001\algorithm001\debug\baekjoon013_17143.obj
c:\users\psm53\onedrive\바탕 화면\coding\algorithm001\algorithm001\debug\baekjoon014_17142.obj
c:\users\psm53\onedrive\바탕 화면\coding\algorithm001\algorithm001\debug\baekjoon015_17779.obj
c:\users\psm53\onedrive\바탕 화면\coding\algorithm001\algorithm001\debug\baekjoon016_17837.obj
c:\users\psm53\onedrive\바탕 화면\coding\algorithm001\algorithm001\debug\baekjoon018_19236.obj
c:\users\psm53\onedrive\바탕 화면\coding\algorithm001\algorithm001\debug\baekjoon017_20061.obj
c:\users\psm53\onedrive\바탕 화면\coding\algorithm001\algorithm001\debug\baekjoon019_19237.obj
c:\users\psm53\onedrive\바탕 화면\coding\algorithm001\algorithm001\debug\baekjoon020_19238.obj
c:\users\psm53\onedrive\바탕 화면\coding\algorithm001\algorithm001\debug\baekjoon021_20055.obj
c:\users\psm53\onedrive\바탕 화면\coding\algorithm001\algorithm001\debug\baekjoon022_20056.obj
c:\users\psm53\onedrive\바탕 화면\coding\algorithm001\algorithm001\debug\baekjoon023_20057.obj
c:\users\psm53\onedrive\바탕 화면\coding\algorithm001\algorithm001\debug\baekjoon024_20058.obj
c:\users\psm53\onedrive\바탕 화면\coding\algorithm001\algorithm001\debug\baekjoon025_21608.obj
c:\users\psm53\onedrive\바탕 화면\coding\algorithm001\algorithm001\debug\baekjoon027_21610.obj
c:\users\psm53\onedrive\바탕 화면\coding\algorithm001\algorithm001\debug\baekjoon026_21609.obj
c:\users\psm53\onedrive\바탕 화면\coding\algorithm001\algorithm001\debug\baekjoon028_21611.obj
c:\users\psm53\onedrive\바탕 화면\coding\algorithm001\algorithm001\debug\ex002_1244.obj
c:\users\psm53\onedrive\바탕 화면\coding\algorithm001\algorithm001\debug\ex003_1249.obj
c:\users\psm53\onedrive\바탕 화면\coding\algorithm001\algorithm001\debug\ex006_2805.obj
c:\users\psm53\onedrive\바탕 화면\coding\algorithm001\algorithm001\debug\ex001_17135.obj
c:\users\psm53\onedrive\바탕 화면\coding\algorithm001\algorithm001\debug\ex002_17136.obj
c:\users\psm53\onedrive\바탕 화면\coding\algorithm001\algorithm001\debug\ex003_1018.obj
c:\users\psm53\onedrive\바탕 화면\coding\algorithm001\algorithm001\debug\ex005_9372.obj
c:\users\psm53\onedrive\바탕 화면\coding\algorithm001\algorithm001\debug\stltest.obj
c:\users\psm53\onedrive\바탕 화면\coding\algorithm001\algorithm001\debug\ex006_14923.obj
c:\users\psm53\onedrive\바탕 화면\coding\algorithm001\algorithm001\debug\ex007_13901.obj
c:\users\psm53\onedrive\바탕 화면\coding\algorithm001\algorithm001\debug\test.obj
c:\users\psm53\onedrive\바탕 화면\coding\algorithm001\algorithm001\debug\ex007_ 22341.obj
c:\users\psm53\onedrive\바탕 화면\coding\algorithm001\algorithm001\debug\ex008_1767.obj
c:\users\psm53\onedrive\바탕 화면\coding\algorithm001\algorithm001\debug\ex008_17406.obj
c:\users\psm53\onedrive\바탕 화면\coding\algorithm001\algorithm001\debug\ex009_17472.obj
c:\users\psm53\onedrive\바탕 화면\coding\algorithm001\algorithm001\debug\ex010_21609.obj
c:\users\psm53\onedrive\바탕 화면\coding\algorithm001\algorithm001\debug\test001_boj13460.obj
c:\users\psm53\onedrive\바탕 화면\coding\algorithm001\algorithm001\debug\test002_boj12100.obj
c:\users\psm53\onedrive\바탕 화면\coding\algorithm001\algorithm001\debug\test003_boj3190.obj
c:\users\psm53\onedrive\바탕 화면\coding\algorithm001\algorithm001\debug\test004_boj13458.obj
c:\users\psm53\onedrive\바탕 화면\coding\algorithm001\algorithm001\debug\test005_boj14499.obj
c:\users\psm53\onedrive\바탕 화면\coding\algorithm001\algorithm001\debug\test006_boj14500.obj
c:\users\psm53\onedrive\바탕 화면\coding\algorithm001\algorithm001\debug\test007_boj14501.obj
c:\users\psm53\onedrive\바탕 화면\coding\algorithm001\algorithm001\debug\test008_boj14502.obj
c:\users\psm53\onedrive\바탕 화면\coding\algorithm001\algorithm001\debug\test009_boj14503.obj
c:\users\psm53\onedrive\바탕 화면\coding\algorithm001\algorithm001\debug\test010_boj14888.obj
c:\users\psm53\onedrive\바탕 화면\coding\algorithm001\algorithm001\debug\test011_boj14889.obj
c:\users\psm53\onedrive\바탕 화면\coding\algorithm001\algorithm001\debug\test012_boj14890.obj
c:\users\psm53\onedrive\바탕 화면\coding\algorithm001\algorithm001\debug\test013_boj14891.obj
c:\users\psm53\onedrive\바탕 화면\coding\algorithm001\algorithm001\debug\test014_boj15683.obj
c:\users\psm53\onedrive\바탕 화면\coding\algorithm001\algorithm001\debug\test015_boj15684.obj
c:\users\psm53\onedrive\바탕 화면\coding\algorithm001\algorithm001\debug\test016_boj15685.obj
c:\users\psm53\onedrive\바탕 화면\coding\algorithm001\algorithm001\debug\test017_boj15686.obj
c:\users\psm53\onedrive\바탕 화면\coding\algorithm001\algorithm001\debug\test018_boj16234.obj
c:\users\psm53\onedrive\바탕 화면\coding\algorithm001\algorithm001\debug\test019_boj16235.obj
c:\users\psm53\onedrive\바탕 화면\coding\algorithm001\algorithm001\debug\test020_boj16236.obj
c:\users\psm53\onedrive\바탕 화면\coding\algorithm001\algorithm001\debug\test021_boj17144.obj
c:\users\psm53\onedrive\바탕 화면\coding\algorithm001\algorithm001\debug\test022_boj17143.obj
c:\users\psm53\onedrive\바탕 화면\coding\algorithm001\algorithm001\debug\test023_boj17142.obj
c:\users\psm53\onedrive\바탕 화면\coding\algorithm001\algorithm001\debug\test024_boj17779.obj
c:\users\psm53\onedrive\바탕 화면\coding\algorithm001\algorithm001\debug\test025_boj19236.obj
c:\users\psm53\onedrive\바탕 화면\coding\algorithm001\algorithm001\debug\test026_boj20056.obj
c:\users\psm53\onedrive\바탕 화면\coding\algorithm001\algorithm001\debug\test027_boj20055.obj
c:\users\psm53\onedrive\바탕 화면\coding\algorithm001\algorithm001\debug\test028_boj20057.obj
c:\users\psm53\onedrive\바탕 화면\coding\algorithm001\algorithm001\debug\test029_boj20058.obj
c:\users\psm53\onedrive\바탕 화면\coding\algorithm001\algorithm001\debug\test030_boj21608.obj
c:\users\psm53\onedrive\바탕 화면\coding\algorithm001\algorithm001\debug\test031_boj21609.obj
c:\users\psm53\onedrive\바탕 화면\coding\algorithm001\algorithm001\debug\test032_boj_21610.obj
c:\users\psm53\onedrive\바탕 화면\coding\algorithm001\algorithm001\debug\test033_boj21611.obj
c:\users\psm53\onedrive\바탕 화면\coding\algorithm001\algorithm001\debug\test034_boj23288.obj
c:\users\psm53\onedrive\바탕 화면\coding\algorithm001\algorithm001\debug\test035_boj23289.obj
c:\users\psm53\onedrive\바탕 화면\coding\algorithm001\debug\algorithm001.exe
c:\users\psm53\onedrive\바탕 화면\coding\algorithm001\debug\algorithm001.ilk
c:\users\psm53\onedrive\바탕 화면\coding\algorithm001\debug\algorithm001.pdb
c:\users\psm53\onedrive\바탕 화면\coding\algorithm001\algorithm001\debug\baejoon002.obj
c:\users\psm53\onedrive\바탕 화면\coding\algorithm001\algorithm001\debug\baekjoon001.obj
c:\users\psm53\onedrive\바탕 화면\coding\algorithm001\algorithm001\debug\baekjoon006_14501.obj
c:\users\psm53\onedrive\바탕 화면\coding\algorithm001\algorithm001\debug\ex001.obj
c:\users\psm53\onedrive\바탕 화면\coding\algorithm001\algorithm001\debug\ex004_1062.obj
c:\users\psm53\onedrive\바탕 화면\coding\algorithm001\algorithm001\debug\ex005_1824.obj
c:\users\psm53\onedrive\바탕 화면\coding\algorithm001\algorithm001\debug\ex006_14925.obj
c:\users\psm53\onedrive\바탕 화면\coding\algorithm001\algorithm001\debug\ex006_9376.obj
c:\users\psm53\onedrive\바탕 화면\coding\algorithm001\algorithm001\debug\baekjoon003_3190.obj.enc
c:\users\psm53\onedrive\바탕 화면\coding\algorithm001\algorithm001\debug\baekjoon011_14890.obj.enc
c:\users\psm53\onedrive\바탕 화면\coding\algorithm001\algorithm001\debug\baekjoon018_19236.obj.enc
c:\users\psm53\onedrive\바탕 화면\coding\algorithm001\algorithm001\debug\baekjoon019_19237.obj.enc
c:\users\psm53\onedrive\바탕 화면\coding\algorithm001\algorithm001\debug\baekjoon022_20056.obj.enc
c:\users\psm53\onedrive\바탕 화면\coding\algorithm001\algorithm001\debug\baekjoon025_21608.obj.enc
c:\users\psm53\onedrive\바탕 화면\coding\algorithm001\algorithm001\debug\baekjoon026_21609.obj.enc
c:\users\psm53\onedrive\바탕 화면\coding\algorithm001\algorithm001\debug\baekjoon027_21610.obj.enc
c:\users\psm53\onedrive\바탕 화면\coding\algorithm001\algorithm001\debug\ex001_17135.obj.enc
c:\users\psm53\onedrive\바탕 화면\coding\algorithm001\algorithm001\debug\ex002_1244.obj.enc
c:\users\psm53\onedrive\바탕 화면\coding\algorithm001\algorithm001\debug\ex003_1018.obj.enc
c:\users\psm53\onedrive\바탕 화면\coding\algorithm001\algorithm001\debug\ex003_1249.new.obj.enc
c:\users\psm53\onedrive\바탕 화면\coding\algorithm001\algorithm001\debug\ex004_1062.obj.enc
c:\users\psm53\onedrive\바탕 화면\coding\algorithm001\algorithm001\debug\ex006_14925.obj.enc
c:\users\psm53\onedrive\바탕 화면\coding\algorithm001\algorithm001\debug\ex007_13901.obj.enc
c:\users\psm53\onedrive\바탕 화면\coding\algorithm001\algorithm001\debug\ex009_17472.obj.enc
c:\users\psm53\onedrive\바탕 화면\coding\algorithm001\algorithm001\debug\test001_boj13460.obj.enc
c:\users\psm53\onedrive\바탕 화면\coding\algorithm001\algorithm001\debug\test005_boj14499.obj.enc
c:\users\psm53\onedrive\바탕 화면\coding\algorithm001\algorithm001\debug\test006_boj14500.obj.enc
c:\users\psm53\onedrive\바탕 화면\coding\algorithm001\algorithm001\debug\test012_boj14890.obj.enc
c:\users\psm53\onedrive\바탕 화면\coding\algorithm001\algorithm001\debug\test013_boj14891.obj.enc
c:\users\psm53\onedrive\바탕 화면\coding\algorithm001\algorithm001\debug\test015_boj15684.obj.enc
c:\users\psm53\onedrive\바탕 화면\coding\algorithm001\algorithm001\debug\test016_boj15685.obj.enc
c:\users\psm53\onedrive\바탕 화면\coding\algorithm001\algorithm001\debug\test019_boj16235.obj.enc
c:\users\psm53\onedrive\바탕 화면\coding\algorithm001\algorithm001\debug\test025_boj19236.obj.enc
c:\users\psm53\onedrive\바탕 화면\coding\algorithm001\algorithm001\debug\test033_boj21611.obj.enc
c:\users\psm53\onedrive\바탕 화면\coding\algorithm001\algorithm001\debug\test035_boj23289.obj.enc
c:\users\psm53\onedrive\바탕 화면\coding\algorithm001\algorithm001\debug\algorithm001.tlog\cl.command.1.tlog
c:\users\psm53\onedrive\바탕 화면\coding\algorithm001\algorithm001\debug\algorithm001.tlog\cl.read.1.tlog
c:\users\psm53\onedrive\바탕 화면\coding\algorithm001\algorithm001\debug\algorithm001.tlog\cl.write.1.tlog
c:\users\psm53\onedrive\바탕 화면\coding\algorithm001\algorithm001\debug\algorithm001.tlog\link.command.1.tlog
c:\users\psm53\onedrive\바탕 화면\coding\algorithm001\algorithm001\debug\algorithm001.tlog\link.read.1.tlog
c:\users\psm53\onedrive\바탕 화면\coding\algorithm001\algorithm001\debug\algorithm001.tlog\link.write.1.tlog
